
heart_beat_kill_pid = 71445
heart_beat_timeout = 11
heart: Mon Nov  2 19:58:37 2015: heart-beat time-out, no activity for 6481 seconds
heart: Mon Nov  2 19:58:38 2015: Executed "/usr/local/Cellar/couchdb/1.6.1_3/bin/couchdb -k" -> 0. Terminating.

heart_beat_kill_pid = 73378
heart_beat_timeout = 11
heart: Tue Nov  3 10:19:39 2015: heart-beat time-out, no activity for 303 seconds
heart: Tue Nov  3 10:19:40 2015: Executed "/usr/local/Cellar/couchdb/1.6.1_3/bin/couchdb -k" -> 0. Terminating.

heart_beat_kill_pid = 74818
heart_beat_timeout = 11
heart: Tue Nov  3 12:35:05 2015: heart-beat time-out, no activity for 262 seconds
heart: Tue Nov  3 12:35:06 2015: Executed "/usr/local/Cellar/couchdb/1.6.1_3/bin/couchdb -k" -> 0. Terminating.

heart_beat_kill_pid = 77664
heart_beat_timeout = 11
heart: Tue Nov  3 13:40:50 2015: heart-beat time-out, no activity for 2512 seconds
heart: Tue Nov  3 13:40:51 2015: Executed "/usr/local/Cellar/couchdb/1.6.1_3/bin/couchdb -k" -> 0. Terminating.

heart_beat_kill_pid = 78157
heart_beat_timeout = 11
heart: Tue Nov  3 14:25:02 2015: heart-beat time-out, no activity for 910 seconds
heart: Tue Nov  3 14:25:04 2015: Executed "/usr/local/Cellar/couchdb/1.6.1_3/bin/couchdb -k" -> 0. Terminating.

heart_beat_kill_pid = 78256
heart_beat_timeout = 11
